<?xml version="1.0" encoding="UTF-8"?>
<!-- Generated by org.testng.reporters.JUnitReportReporter -->
<testsuite skipped="0" hostname="Priyankas-MacBook-Air.local" name="Mavenproj25.Mavenproj25.Multiplewindows" tests="1" failures="0" timestamp="21 Dec 2020 06:50:00 GMT" time="21.786" errors="0">
  <testcase name="test1" time="21.786" classname="Mavenproj25.Mavenproj25.Multiplewindows"/>
</testsuite> <!-- Mavenproj25.Mavenproj25.Multiplewindows -->
