<?xml version="1.0" encoding="UTF-8"?>
<!-- Generated by org.testng.reporters.JUnitReportReporter -->
<testsuite skipped="0" hostname="Priyankas-MacBook-Air.local" name="Mavenproj25.Mavenproj25.ABC" tests="1" failures="0" timestamp="16 Oct 2020 06:49:41 GMT" time="6.811" errors="0">
  <testcase name="beforetest" time="6.811" classname="Mavenproj25.Mavenproj25.ABC"/>
</testsuite> <!-- Mavenproj25.Mavenproj25.ABC -->
