<?xml version="1.0" encoding="UTF-8"?>
<!-- Generated by org.testng.reporters.JUnitReportReporter -->
<testsuite skipped="0" hostname="Priyankas-MacBook-Air.local" name="Mavenproj25.Mavenproj25.MultipleTabs" tests="1" failures="0" timestamp="9 Dec 2020 12:48:44 GMT" time="25.166" errors="0">
  <testcase name="test2" time="25.166" classname="Mavenproj25.Mavenproj25.MultipleTabs"/>
</testsuite> <!-- Mavenproj25.Mavenproj25.MultipleTabs -->
