<?xml version="1.0" encoding="UTF-8"?>
<!-- Generated by org.testng.reporters.JUnitReportReporter -->
<testsuite skipped="0" hostname="Priyankas-MacBook-Air.local" name="com.testng.TestNGbasics3" tests="10" failures="0" timestamp="21 Jan 2021 12:12:12 GMT" time="0.048" errors="0">
  <testcase name="method1" time="0.002" classname="com.testng.TestNGbasics3"/>
  <testcase name="method1" time="0.002" classname="com.testng.TestNGbasics3"/>
  <testcase name="method1" time="0.001" classname="com.testng.TestNGbasics3"/>
  <testcase name="method1" time="0.002" classname="com.testng.TestNGbasics3"/>
  <testcase name="method1" time="0.014" classname="com.testng.TestNGbasics3"/>
  <testcase name="method1" time="0.002" classname="com.testng.TestNGbasics3"/>
  <testcase name="method1" time="0.003" classname="com.testng.TestNGbasics3"/>
  <testcase name="method1" time="0.001" classname="com.testng.TestNGbasics3"/>
  <testcase name="method1" time="0.019" classname="com.testng.TestNGbasics3"/>
  <testcase name="method1" time="0.002" classname="com.testng.TestNGbasics3"/>
</testsuite> <!-- com.testng.TestNGbasics3 -->
