<?xml version="1.0" encoding="UTF-8"?>
<!-- Generated by org.testng.reporters.JUnitReportReporter -->
<testsuite skipped="0" hostname="Priyankas-MacBook-Air.local" name="Mavenproj25.Mavenproj25.Javascriptdemo" tests="1" failures="0" timestamp="12 Jan 2021 11:51:04 GMT" time="16.153" errors="0">
  <testcase name="test" time="16.153" classname="Mavenproj25.Mavenproj25.Javascriptdemo"/>
</testsuite> <!-- Mavenproj25.Mavenproj25.Javascriptdemo -->
