<?xml version="1.0" encoding="UTF-8"?>
<!-- Generated by org.testng.reporters.JUnitReportReporter -->
<testsuite skipped="0" hostname="Priyankas-MacBook-Air.local" name="Mavenproj25.Mavenproj25.App" tests="1" failures="0" timestamp="16 Oct 2020 06:43:47 GMT" time="13.030" errors="0">
  <testcase name="beforetest" time="13.030" classname="Mavenproj25.Mavenproj25.App"/>
</testsuite> <!-- Mavenproj25.Mavenproj25.App -->
