<?xml version="1.0" encoding="UTF-8"?>
<!-- Generated by org.testng.reporters.JUnitReportReporter -->
<testsuite skipped="0" hostname="Priyankas-MacBook-Air.local" name="Mavenproj25.Mavenproj25.cookies" tests="1" failures="0" timestamp="22 Dec 2020 06:06:42 GMT" time="5.919" errors="0">
  <testcase name="cookies" time="5.919" classname="Mavenproj25.Mavenproj25.cookies"/>
</testsuite> <!-- Mavenproj25.Mavenproj25.cookies -->
