<?xml version="1.0" encoding="UTF-8"?>
<!-- Generated by org.testng.reporters.JUnitReportReporter -->
<testsuite skipped="0" hostname="Priyankas-MacBook-Air.local" name="Mavenproj25.Mavenproj25.MultiTabsGetlinksName" tests="1" failures="0" timestamp="8 Feb 2021 04:01:16 GMT" time="6.193" errors="0">
  <testcase name="test2" time="6.193" classname="Mavenproj25.Mavenproj25.MultiTabsGetlinksName"/>
</testsuite> <!-- Mavenproj25.Mavenproj25.MultiTabsGetlinksName -->
