<?xml version="1.0" encoding="UTF-8"?>
<!-- Generated by org.testng.reporters.JUnitReportReporter -->
<testsuite skipped="0" hostname="Priyankas-MacBook-Air.local" name="Mavenproj25.Mavenproj25.flipkart" tests="1" failures="0" timestamp="8 Dec 2020 12:52:47 GMT" time="13.883" errors="0">
  <testcase name="test" time="13.883" classname="Mavenproj25.Mavenproj25.flipkart"/>
</testsuite> <!-- Mavenproj25.Mavenproj25.flipkart -->
